20:43:37:318 [22532] | INFO  | Initializing crosire's ReShade version '4.9.1.1003' (64-bit) built on '2021-01-09 21:12:36' loaded from "F:\Anomaly\Anomaly-1.5.1\bin\dxgi.dll" into "F:\Anomaly\Anomaly-1.5.1\bin\AnomalyDX11AVX.exe" ...
20:43:37:346 [22532] | INFO  | Registering hooks for "user32.dll" ...
20:43:37:346 [22532] | INFO  | > Libraries loaded.
20:43:37:347 [22532] | INFO  | > Found 14 match(es). Installing ...
20:43:37:375 [22532] | INFO  | Registering hooks for "ws2_32.dll" ...
20:43:37:375 [22532] | INFO  | > Libraries loaded.
20:43:37:375 [22532] | INFO  | > Found 8 match(es). Installing ...
20:43:37:403 [22532] | INFO  | Registering hooks for "C:\Windows\system32\d2d1.dll" ...
20:43:37:403 [22532] | INFO  | > Delayed.
20:43:37:403 [22532] | INFO  | Registering hooks for "C:\Windows\system32\d3d9.dll" ...
20:43:37:404 [22532] | INFO  | > Delayed.
20:43:37:404 [22532] | INFO  | Registering hooks for "C:\Windows\system32\d3d10.dll" ...
20:43:37:404 [22532] | INFO  | > Delayed.
20:43:37:405 [22532] | INFO  | Registering hooks for "C:\Windows\system32\d3d10_1.dll" ...
20:43:37:405 [22532] | INFO  | > Delayed.
20:43:37:405 [22532] | INFO  | Registering hooks for "C:\Windows\system32\d3d11.dll" ...
20:43:37:405 [22532] | INFO  | > Libraries loaded.
20:43:37:405 [22532] | INFO  | > Found 2 match(es). Installing ...
20:43:37:433 [22532] | INFO  | Registering hooks for "C:\Windows\system32\d3d12.dll" ...
20:43:37:434 [22532] | INFO  | > Delayed.
20:43:37:434 [22532] | INFO  | Registering hooks for "C:\Windows\system32\dxgi.dll" ...
20:43:37:434 [22532] | INFO  | > Delayed until first call to an exported function.
20:43:37:434 [22532] | INFO  | Registering hooks for "C:\Windows\system32\opengl32.dll" ...
20:43:37:435 [22532] | INFO  | > Delayed.
20:43:37:435 [22532] | INFO  | Initialized.
20:43:37:453 [06164] | WARN  | Ignoring LoadLibrary("ext-ms-win-mininput-inputhost-l1-1-0.dll") call to avoid possible deadlock.
20:44:00:977 [22532] | INFO  | Redirecting RegisterClassA(lpWndClass = 000000000014F8F0 { _XRAY_1.5 }) ...
20:44:00:977 [22532] | INFO  | > Adding 'CS_OWNDC' window class style flag to '_XRAY_1.5'.
20:44:01:024 [22532] | INFO  | Redirecting RegisterClassExA(lpWndClassEx = 000000000014F800 { TestDX11WindowClass }) ...
20:44:01:024 [22532] | INFO  | > Adding 'CS_OWNDC' window class style flag to 'TestDX11WindowClass'.
20:44:01:028 [22532] | INFO  | Redirecting D3D11CreateDeviceAndSwapChain(pAdapter = 0000000000000000, DriverType = 1, Software = 0000000000000000, Flags = 0, pFeatureLevels = 000000000014F880, FeatureLevels = 1, SDKVersion = 7, pSwapChainDesc = 000000000014F7B0, ppSwapChain = 000000000014F898, ppDevice = 000000000014F7A0, pFeatureLevel = 000000000014F888, ppImmediateContext = 000000000014F890) ...
20:44:01:028 [22532] | INFO  | Redirecting CreateDXGIFactory2(Flags = 0x80000000, riid = {7B7166EC-21C7-44AE-B21A-C9AE321AE369}, ppFactory = 000000000014F028) ...
20:44:01:032 [22532] | INFO  | Installing export hooks for "C:\Windows\system32\dxgi.dll" ...
20:44:01:032 [22532] | INFO  | > Found 5 match(es). Installing ...
20:44:01:242 [47208] | WARN  | Ignoring LoadLibrary("api-ms-win-appmodel-runtime-l1-1-2") call to avoid possible deadlock.
20:44:01:242 [47208] | WARN  | Ignoring LoadLibrary("api-ms-win-appmodel-runtime-l1-1-2") call to avoid possible deadlock.
20:44:01:242 [44756] | WARN  | Ignoring LoadLibrary("api-ms-win-appmodel-runtime-l1-1-2") call to avoid possible deadlock.
20:44:01:243 [44756] | WARN  | Ignoring LoadLibrary("api-ms-win-appmodel-runtime-l1-1-2") call to avoid possible deadlock.
20:44:01:242 [11592] | WARN  | Ignoring LoadLibrary("api-ms-win-appmodel-runtime-l1-1-2") call to avoid possible deadlock.
20:44:01:243 [11592] | WARN  | Ignoring LoadLibrary("api-ms-win-appmodel-runtime-l1-1-2") call to avoid possible deadlock.
20:44:01:242 [20732] | WARN  | Ignoring LoadLibrary("api-ms-win-appmodel-runtime-l1-1-2") call to avoid possible deadlock.
20:44:01:243 [20732] | WARN  | Ignoring LoadLibrary("api-ms-win-appmodel-runtime-l1-1-2") call to avoid possible deadlock.
20:44:01:242 [46204] | WARN  | Ignoring LoadLibrary("api-ms-win-appmodel-runtime-l1-1-2") call to avoid possible deadlock.
20:44:01:244 [46204] | WARN  | Ignoring LoadLibrary("api-ms-win-appmodel-runtime-l1-1-2") call to avoid possible deadlock.
20:44:01:242 [47612] | WARN  | Ignoring LoadLibrary("api-ms-win-appmodel-runtime-l1-1-2") call to avoid possible deadlock.
20:44:01:244 [47612] | WARN  | Ignoring LoadLibrary("api-ms-win-appmodel-runtime-l1-1-2") call to avoid possible deadlock.
20:44:01:242 [16632] | WARN  | Ignoring LoadLibrary("api-ms-win-appmodel-runtime-l1-1-2") call to avoid possible deadlock.
20:44:01:244 [16632] | WARN  | Ignoring LoadLibrary("api-ms-win-appmodel-runtime-l1-1-2") call to avoid possible deadlock.
20:44:01:266 [22532] | INFO  | > Using feature level 0xb000.
20:44:01:266 [22532] | INFO  | > Calling IDXGIFactory::CreateSwapChain:
20:44:01:266 [22532] | INFO  | Redirecting IDXGIFactory::CreateSwapChain(this = 000000000A011E80, pDevice = 00000000096B0830, pDesc = 000000000014F7B0, ppSwapChain = 000000000014F898) ...
20:44:01:266 [22532] | INFO  | > Dumping swap chain description:
20:44:01:266 [22532] | INFO  |   +-----------------------------------------+-----------------------------------------+
20:44:01:266 [22532] | INFO  |   | Parameter                               | Value                                   |
20:44:01:266 [22532] | INFO  |   +-----------------------------------------+-----------------------------------------+
20:44:01:267 [22532] | INFO  |   | Width                                   | 800                                     |
20:44:01:267 [22532] | INFO  |   | Height                                  | 600                                     |
20:44:01:267 [22532] | INFO  |   | RefreshRate                             | 60                  1                   |
20:44:01:267 [22532] | INFO  |   | Format                                  | DXGI_FORMAT_R8G8B8A8_UNORM              |
20:44:01:267 [22532] | INFO  |   | ScanlineOrdering                        | 0                                       |
20:44:01:267 [22532] | INFO  |   | Scaling                                 | 0                                       |
20:44:01:267 [22532] | INFO  |   | SampleCount                             | 1                                       |
20:44:01:267 [22532] | INFO  |   | SampleQuality                           | 0                                       |
20:44:01:268 [22532] | INFO  |   | BufferUsage                             | 0x20                                    |
20:44:01:268 [22532] | INFO  |   | BufferCount                             | 1                                       |
20:44:01:268 [22532] | INFO  |   | OutputWindow                            | 00000000000412A8                        |
20:44:01:268 [22532] | INFO  |   | Windowed                                | TRUE                                    |
20:44:01:268 [22532] | INFO  |   | SwapEffect                              | 0                                       |
20:44:01:268 [22532] | INFO  |   | Flags                                   | 0                                       |
20:44:01:268 [22532] | INFO  |   +-----------------------------------------+-----------------------------------------+
20:44:01:306 [22532] | WARN  | Ignoring LoadLibrary("winhttp.dll") call to avoid possible deadlock.
20:44:01:509 [22532] | INFO  | Running on NVIDIA GeForce RTX 3070
20:44:01:511 [22532] | INFO  | Recreated runtime environment on runtime 000000000601DEC0.
20:44:01:511 [22532] | INFO  | Destroyed runtime environment on runtime 000000000601DEC0.
20:44:01:861 [22532] | INFO  | Redirecting CreateDXGIFactory(riid = {7B7166EC-21C7-44AE-B21A-C9AE321AE369}, ppFactory = 000000000014F480) ...
20:44:01:861 [22532] | INFO  | > Passing on to CreateDXGIFactory1:
20:44:01:861 [22532] | INFO  | Redirecting CreateDXGIFactory1(riid = {7B7166EC-21C7-44AE-B21A-C9AE321AE369}, ppFactory = 000000000014F480) ...
20:44:01:866 [22532] | INFO  | Redirecting D3D11CreateDeviceAndSwapChain(pAdapter = 0000000000000000, DriverType = 1, Software = 0000000000000000, Flags = 0, pFeatureLevels = 000000000014F650, FeatureLevels = 1, SDKVersion = 7, pSwapChainDesc = 0000000140CDD958, ppSwapChain = 0000000140CDD8E0, ppDevice = 0000000140CDD8D0, pFeatureLevel = 0000000140CDD9A4, ppImmediateContext = 0000000140CDD8D8) ...
20:44:01:866 [22532] | INFO  | Redirecting CreateDXGIFactory2(Flags = 0x80000000, riid = {7B7166EC-21C7-44AE-B21A-C9AE321AE369}, ppFactory = 000000000014ED68) ...
20:44:01:988 [44020] | WARN  | Ignoring LoadLibrary("api-ms-win-appmodel-runtime-l1-1-2") call to avoid possible deadlock.
20:44:01:988 [05288] | WARN  | Ignoring LoadLibrary("api-ms-win-appmodel-runtime-l1-1-2") call to avoid possible deadlock.
20:44:01:989 [05288] | WARN  | Ignoring LoadLibrary("api-ms-win-appmodel-runtime-l1-1-2") call to avoid possible deadlock.
20:44:01:988 [18904] | WARN  | Ignoring LoadLibrary("api-ms-win-appmodel-runtime-l1-1-2") call to avoid possible deadlock.
20:44:01:988 [18004] | WARN  | Ignoring LoadLibrary("api-ms-win-appmodel-runtime-l1-1-2") call to avoid possible deadlock.
20:44:01:988 [14656] | WARN  | Ignoring LoadLibrary("api-ms-win-appmodel-runtime-l1-1-2") call to avoid possible deadlock.
20:44:01:989 [14656] | WARN  | Ignoring LoadLibrary("api-ms-win-appmodel-runtime-l1-1-2") call to avoid possible deadlock.
20:44:01:989 [44020] | WARN  | Ignoring LoadLibrary("api-ms-win-appmodel-runtime-l1-1-2") call to avoid possible deadlock.
20:44:01:988 [49804] | WARN  | Ignoring LoadLibrary("api-ms-win-appmodel-runtime-l1-1-2") call to avoid possible deadlock.
20:44:01:990 [49804] | WARN  | Ignoring LoadLibrary("api-ms-win-appmodel-runtime-l1-1-2") call to avoid possible deadlock.
20:44:01:989 [18004] | WARN  | Ignoring LoadLibrary("api-ms-win-appmodel-runtime-l1-1-2") call to avoid possible deadlock.
20:44:01:989 [30236] | WARN  | Ignoring LoadLibrary("api-ms-win-appmodel-runtime-l1-1-2") call to avoid possible deadlock.
20:44:01:990 [30236] | WARN  | Ignoring LoadLibrary("api-ms-win-appmodel-runtime-l1-1-2") call to avoid possible deadlock.
20:44:01:989 [18904] | WARN  | Ignoring LoadLibrary("api-ms-win-appmodel-runtime-l1-1-2") call to avoid possible deadlock.
20:44:02:006 [22532] | INFO  | > Using feature level 0xb000.
20:44:02:006 [22532] | INFO  | > Calling IDXGIFactory::CreateSwapChain:
20:44:02:007 [22532] | INFO  | Redirecting IDXGIFactory::CreateSwapChain(this = 000000000A012600, pDevice = 0000000009568BA0, pDesc = 0000000140CDD958, ppSwapChain = 0000000140CDD8E0) ...
20:44:02:007 [22532] | INFO  | > Dumping swap chain description:
20:44:02:007 [22532] | INFO  |   +-----------------------------------------+-----------------------------------------+
20:44:02:007 [22532] | INFO  |   | Parameter                               | Value                                   |
20:44:02:007 [22532] | INFO  |   +-----------------------------------------+-----------------------------------------+
20:44:02:007 [22532] | INFO  |   | Width                                   | 2560                                    |
20:44:02:007 [22532] | INFO  |   | Height                                  | 1440                                    |
20:44:02:008 [22532] | INFO  |   | RefreshRate                             | 60                  1                   |
20:44:02:008 [22532] | INFO  |   | Format                                  | DXGI_FORMAT_R8G8B8A8_UNORM              |
20:44:02:008 [22532] | INFO  |   | ScanlineOrdering                        | 0                                       |
20:44:02:008 [22532] | INFO  |   | Scaling                                 | 0                                       |
20:44:02:008 [22532] | INFO  |   | SampleCount                             | 1                                       |
20:44:02:008 [22532] | INFO  |   | SampleQuality                           | 0                                       |
20:44:02:008 [22532] | INFO  |   | BufferUsage                             | 0x20                                    |
20:44:02:008 [22532] | INFO  |   | BufferCount                             | 2                                       |
20:44:02:009 [22532] | INFO  |   | OutputWindow                            | 00000000008D1184                        |
20:44:02:009 [22532] | INFO  |   | Windowed                                | TRUE                                    |
20:44:02:009 [22532] | INFO  |   | SwapEffect                              | 1                                       |
20:44:02:009 [22532] | INFO  |   | Flags                                   | 0                                       |
20:44:02:009 [22532] | INFO  |   +-----------------------------------------+-----------------------------------------+
20:44:02:152 [22532] | INFO  | Running on NVIDIA GeForce RTX 3070
20:44:02:154 [22532] | INFO  | Recreated runtime environment on runtime 000000000A9D6110.
20:44:02:208 [40876] | WARN  | Ignoring LoadLibrary("api-ms-win-appmodel-runtime-l1-1-2") call to avoid possible deadlock.
20:44:06:139 [42620] | INFO  | Successfully loaded "F:\Anomaly\Anomaly-1.5.1\bin\reshade-shaders\Shaders\qUINT\qUINT_bloom.fx".
20:44:06:148 [14352] | INFO  | Successfully loaded "F:\Anomaly\Anomaly-1.5.1\bin\reshade-shaders\Shaders\qUINT\qUINT_lightroom.fx".
20:44:06:150 [11284] | INFO  | Successfully loaded "F:\Anomaly\Anomaly-1.5.1\bin\reshade-shaders\Shaders\qUINT\qUINT_ssr.fx".
20:44:06:151 [58132] | INFO  | Successfully loaded "F:\Anomaly\Anomaly-1.5.1\bin\reshade-shaders\Shaders\PD80\PD80_01_Color_Gamut.fx".
20:44:06:152 [48892] | INFO  | Successfully loaded "F:\Anomaly\Anomaly-1.5.1\bin\reshade-shaders\Shaders\PD80\PD80_02_Bonus_LUT_pack.fx".
20:44:06:154 [34712] | INFO  | Successfully loaded "F:\Anomaly\Anomaly-1.5.1\bin\reshade-shaders\Shaders\PD80\PD80_03_Levels.fx".
20:44:06:154 [10692] | INFO  | Successfully loaded "F:\Anomaly\Anomaly-1.5.1\bin\reshade-shaders\Shaders\PD80\PD80_03_Color_Space_Curves.fx".
20:44:06:154 [25644] | INFO  | Successfully loaded "F:\Anomaly\Anomaly-1.5.1\bin\reshade-shaders\Shaders\PD80\PD80_04_Color_Balance.fx".
20:44:06:155 [42620] | INFO  | Successfully loaded "F:\Anomaly\Anomaly-1.5.1\bin\reshade-shaders\Shaders\qUINT\qUINT_deband.fx".
20:44:06:156 [13620] | INFO  | Successfully loaded "F:\Anomaly\Anomaly-1.5.1\bin\reshade-shaders\Shaders\PD80\PD80_04_Color_Isolation.fx".
20:44:06:159 [50312] | INFO  | Successfully loaded "F:\Anomaly\Anomaly-1.5.1\bin\reshade-shaders\Shaders\Daltonize.fx".
20:44:06:159 [12248] | INFO  | Successfully loaded "F:\Anomaly\Anomaly-1.5.1\bin\reshade-shaders\Shaders\LUT.fx".
20:44:06:159 [39376] | INFO  | Successfully loaded "F:\Anomaly\Anomaly-1.5.1\bin\reshade-shaders\Shaders\PD80\PD80_06_Chromatic_Aberration.fx".
20:44:06:161 [11452] | INFO  | Successfully loaded "F:\Anomaly\Anomaly-1.5.1\bin\reshade-shaders\Shaders\PD80\PD80_06_Film_Grain.fx".
20:44:06:162 [52644] | INFO  | Successfully loaded "F:\Anomaly\Anomaly-1.5.1\bin\reshade-shaders\Shaders\PD80\PD80_04_Magical_Rectangle.fx".
20:44:06:164 [49304] | INFO  | Successfully loaded "F:\Anomaly\Anomaly-1.5.1\bin\reshade-shaders\Shaders\PD80\PD80_04_Selective_Color_v2.fx".
20:44:06:172 [14352] | INFO  | Successfully loaded "F:\Anomaly\Anomaly-1.5.1\bin\reshade-shaders\Shaders\qUINT\qUINT_mxao.fx".
20:44:06:173 [11284] | INFO  | Successfully loaded "F:\Anomaly\Anomaly-1.5.1\bin\reshade-shaders\Shaders\PD80\PD80_01A_RT_Correct_Contrast.fx".
20:44:06:175 [58132] | INFO  | Successfully loaded "F:\Anomaly\Anomaly-1.5.1\bin\reshade-shaders\Shaders\PD80\PD80_02_Bloom.fx".
20:44:06:176 [10692] | INFO  | Successfully loaded "F:\Anomaly\Anomaly-1.5.1\bin\reshade-shaders\Shaders\PD80\PD80_03_Curved_Levels.fx".
20:44:06:176 [48892] | INFO  | Successfully loaded "F:\Anomaly\Anomaly-1.5.1\bin\reshade-shaders\Shaders\PD80\PD80_02_Cinetools_LUT.fx".
20:44:06:177 [34712] | INFO  | Successfully loaded "F:\Anomaly\Anomaly-1.5.1\bin\reshade-shaders\Shaders\PD80\PD80_03_Shadows_Midtones_Highlights.fx".
20:44:06:177 [13620] | INFO  | Successfully loaded "F:\Anomaly\Anomaly-1.5.1\bin\reshade-shaders\Shaders\PD80\PD80_04_Color_Temperature.fx".
20:44:06:177 [12248] | INFO  | Successfully loaded "F:\Anomaly\Anomaly-1.5.1\bin\reshade-shaders\Shaders\UIMask.fx".
20:44:06:178 [50312] | INFO  | Successfully loaded "F:\Anomaly\Anomaly-1.5.1\bin\reshade-shaders\Shaders\Deband.fx".
20:44:06:178 [25644] | INFO  | Successfully loaded "F:\Anomaly\Anomaly-1.5.1\bin\reshade-shaders\Shaders\PD80\PD80_04_Color_Gradients.fx".
20:44:06:178 [11452] | INFO  | Successfully loaded "F:\Anomaly\Anomaly-1.5.1\bin\reshade-shaders\Shaders\PD80\PD80_06_Luma_Fade.fx".
20:44:06:179 [42620] | INFO  | Successfully loaded "F:\Anomaly\Anomaly-1.5.1\bin\reshade-shaders\Shaders\qUINT\qUINT_dof.fx".
20:44:06:179 [52644] | INFO  | Successfully loaded "F:\Anomaly\Anomaly-1.5.1\bin\reshade-shaders\Shaders\PD80\PD80_04_Saturation_Limit.fx".
20:44:06:180 [49304] | INFO  | Successfully loaded "F:\Anomaly\Anomaly-1.5.1\bin\reshade-shaders\Shaders\PD80\PD80_04_Technicolor.fx".
20:44:06:180 [39376] | INFO  | Successfully loaded "F:\Anomaly\Anomaly-1.5.1\bin\reshade-shaders\Shaders\PD80\PD80_06_Depth_Slicer.fx".
20:44:06:186 [14352] | INFO  | Successfully loaded "F:\Anomaly\Anomaly-1.5.1\bin\reshade-shaders\Shaders\qUINT\qUINT_sharp.fx".
20:44:06:187 [48892] | INFO  | Successfully loaded "F:\Anomaly\Anomaly-1.5.1\bin\reshade-shaders\Shaders\PD80\PD80_02_LUT_Creator.fx".
20:44:06:187 [10692] | INFO  | Successfully loaded "F:\Anomaly\Anomaly-1.5.1\bin\reshade-shaders\Shaders\PD80\PD80_03_Filmic_Adaptation.fx".
20:44:06:188 [11284] | INFO  | Successfully loaded "F:\Anomaly\Anomaly-1.5.1\bin\reshade-shaders\Shaders\PD80\PD80_01B_RT_Correct_Color.fx".
20:44:06:189 [50312] | INFO  | Successfully loaded "F:\Anomaly\Anomaly-1.5.1\bin\reshade-shaders\Shaders\DisplayDepth.fx".
20:44:06:189 [11452] | INFO  | Successfully loaded "F:\Anomaly\Anomaly-1.5.1\bin\reshade-shaders\Shaders\PD80\PD80_06_Posterize_Pixelate.fx".
20:44:06:190 [49304] | INFO  | Successfully loaded "F:\Anomaly\Anomaly-1.5.1\bin\reshade-shaders\Shaders\PD80\PD80_05_Sharpening.fx".
20:44:06:190 [34712] | INFO  | Successfully loaded "F:\Anomaly\Anomaly-1.5.1\bin\reshade-shaders\Shaders\PD80\PD80_04_BlacknWhite.fx".
20:44:06:191 [52644] | INFO  | Successfully loaded "F:\Anomaly\Anomaly-1.5.1\bin\reshade-shaders\Shaders\PD80\PD80_04_Selective_Color.fx".
20:44:06:192 [13620] | INFO  | Successfully loaded "F:\Anomaly\Anomaly-1.5.1\bin\reshade-shaders\Shaders\PD80\PD80_04_Contrast_Brightness_Saturation.fx".
20:44:06:738 [22532] | INFO  | Loading image files for textures ...
20:49:37:385 [22532] | INFO  | Destroyed runtime environment on runtime 000000000A9D6110.
20:49:37:385 [22532] | WARN  | Reference count for IDXGIDevice1 object 0000000006E7C0F0 is inconsistent.
20:49:37:385 [22532] | WARN  | Reference count for ID3D11Device0 object 0000000009568BA0 is inconsistent.
20:49:37:531 [22532] | INFO  | Exiting ...
20:49:37:532 [22532] | INFO  | Uninstalling 37 hook(s) ...
20:49:38:611 [22532] | INFO  | Finished exiting.
